<?xml version="1.0" encoding="UTF-8"?>
<testng-results ignored="0" total="3" passed="3" failed="0" skipped="0">
  <reporter-output>
  </reporter-output>
  <suite started-at="2022-11-01T19:51:33 IST" name="Suite" finished-at="2022-11-01T19:51:45 IST" duration-ms="11522">
    <groups>
      <group name="cucumber">
        <method signature="AbstractTestNGCucumberTests.runScenario(io.cucumber.testng.PickleWrapper,io.cucumber.testng.FeatureWrapper)[pri:0, instance:csg.runners.TestRunner01@2af004b]" name="runScenario" class="io.cucumber.testng.AbstractTestNGCucumberTests"/>
      </group> <!-- cucumber -->
    </groups>
    <test started-at="2022-11-01T19:51:33 IST" name="Booking Test01" finished-at="2022-11-01T19:51:45 IST" duration-ms="11522">
      <class name="csg.runners.TestRunner01">
        <test-method is-config="true" signature="setUpClass(org.testng.ITestContext)[pri:0, instance:csg.runners.TestRunner01@2af004b]" started-at="2022-11-01T19:51:33 IST" name="setUpClass" finished-at="2022-11-01T19:51:33 IST" duration-ms="345" status="PASS">
          <params>
            <param index="0">
              <value>
                <![CDATA[org.testng.TestRunner@36b4091c]]>
              </value>
            </param>
          </params>
          <reporter-output>
          </reporter-output>
        </test-method> <!-- setUpClass -->
        <test-method is-config="true" signature="beforeCalss()[pri:0, instance:csg.runners.TestRunner01@2af004b]" started-at="2022-11-01T19:51:33 IST" name="beforeCalss" finished-at="2022-11-01T19:51:33 IST" duration-ms="0" status="PASS">
          <reporter-output>
          </reporter-output>
        </test-method> <!-- beforeCalss -->
        <test-method signature="runScenario(io.cucumber.testng.PickleWrapper,io.cucumber.testng.FeatureWrapper)[pri:0, instance:csg.runners.TestRunner01@2af004b]" started-at="2022-11-01T19:51:33 IST" name="runScenario" description="Runs Cucumber Scenarios" data-provider="scenarios" finished-at="2022-11-01T19:51:38 IST" duration-ms="4297" status="PASS">
          <params>
            <param index="0">
              <value>
                <![CDATA["Create Booking"]]>
              </value>
            </param>
            <param index="1">
              <value>
                <![CDATA["Bookings Test"]]>
              </value>
            </param>
          </params>
          <reporter-output>
          </reporter-output>
        </test-method> <!-- runScenario -->
        <test-method signature="runScenario(io.cucumber.testng.PickleWrapper,io.cucumber.testng.FeatureWrapper)[pri:0, instance:csg.runners.TestRunner01@2af004b]" started-at="2022-11-01T19:51:38 IST" name="runScenario" description="Runs Cucumber Scenarios" data-provider="scenarios" finished-at="2022-11-01T19:51:40 IST" duration-ms="2631" status="PASS">
          <params>
            <param index="0">
              <value>
                <![CDATA["Update Booking"]]>
              </value>
            </param>
            <param index="1">
              <value>
                <![CDATA["Bookings Test"]]>
              </value>
            </param>
          </params>
          <reporter-output>
          </reporter-output>
        </test-method> <!-- runScenario -->
        <test-method signature="runScenario(io.cucumber.testng.PickleWrapper,io.cucumber.testng.FeatureWrapper)[pri:0, instance:csg.runners.TestRunner01@2af004b]" started-at="2022-11-01T19:51:40 IST" name="runScenario" description="Runs Cucumber Scenarios" data-provider="scenarios" finished-at="2022-11-01T19:51:44 IST" duration-ms="4094" status="PASS">
          <params>
            <param index="0">
              <value>
                <![CDATA["Delete Booking"]]>
              </value>
            </param>
            <param index="1">
              <value>
                <![CDATA["Bookings Test"]]>
              </value>
            </param>
          </params>
          <reporter-output>
          </reporter-output>
        </test-method> <!-- runScenario -->
        <test-method is-config="true" signature="tearDownClass()[pri:0, instance:csg.runners.TestRunner01@2af004b]" started-at="2022-11-01T19:51:44 IST" name="tearDownClass" finished-at="2022-11-01T19:51:45 IST" duration-ms="27" status="PASS">
          <reporter-output>
          </reporter-output>
        </test-method> <!-- tearDownClass -->
      </class> <!-- csg.runners.TestRunner01 -->
    </test> <!-- Booking Test01 -->
  </suite> <!-- Suite -->
</testng-results>
